<?xml version="1.0" encoding="UTF-8"?>
<testsuite name="galstyan.hayk.app.XORUnitTest" tests="4" skipped="0" failures="0" errors="0" timestamp="2022-11-12T18:59:46" hostname="GodMachine" time="0.012">
  <properties/>
  <testcase name="assert zeros()" classname="galstyan.hayk.app.XORUnitTest" time="0.008"/>
  <testcase name="assert symmetry()" classname="galstyan.hayk.app.XORUnitTest" time="0.0"/>
  <testcase name="assert xor and back works()" classname="galstyan.hayk.app.XORUnitTest" time="0.001"/>
  <testcase name="assert fails on different lengths()" classname="galstyan.hayk.app.XORUnitTest" time="0.002"/>
  <system-out><![CDATA[]]></system-out>
  <system-err><![CDATA[]]></system-err>
</testsuite>
